Flow report for Laboratorio1
Fri Aug 22 10:14:19 2025
Quartus Prime Version 23.1std.0 Build 991 11/28/2023 SC Lite Edition


---------------------
; Table of Contents ;
---------------------
  1. Legal Notice
  2. Flow Summary
  3. Flow Settings
  4. Flow Non-Default Global Settings
  5. Flow Elapsed Time
  6. Flow OS Summary
  7. Flow Log
  8. Flow Messages
  9. Flow Suppressed Messages



----------------
; Legal Notice ;
----------------
Copyright (C) 2023  Intel Corporation. All rights reserved.
Your use of Intel Corporation's design tools, logic functions 
and other software and tools, and any partner logic 
functions, and any output files from any of the foregoing 
(including device programming or simulation files), and any 
associated documentation or information are expressly subject 
to the terms and conditions of the Intel Program License 
Subscription Agreement, the Intel Quartus Prime License Agreement,
the Intel FPGA IP License Agreement, or other applicable license
agreement, including, without limitation, that your use is for
the sole purpose of programming logic devices manufactured by
Intel and sold by Intel or its authorized distributors.  Please
refer to the applicable agreement for further details, at
https://fpgasoftware.intel.com/eula.



+----------------------------------------------------------------------------------+
; Flow Summary                                                                     ;
+---------------------------------+------------------------------------------------+
; Flow Status                     ; Successful - Fri Aug 22 10:14:19 2025          ;
; Quartus Prime Version           ; 23.1std.0 Build 991 11/28/2023 SC Lite Edition ;
; Revision Name                   ; Laboratorio1                                   ;
; Top-level Entity Name           ; Top_Restador_BCD                               ;
; Family                          ; Cyclone V                                      ;
; Device                          ; 5CSXFC6D6F31C6                                 ;
; Timing Models                   ; Final                                          ;
; Logic utilization (in ALMs)     ; 6 / 41,910 ( < 1 % )                           ;
; Total registers                 ; 0                                              ;
; Total pins                      ; 15 / 499 ( 3 % )                               ;
; Total virtual pins              ; 0                                              ;
; Total block memory bits         ; 0 / 5,662,720 ( 0 % )                          ;
; Total DSP Blocks                ; 0 / 112 ( 0 % )                                ;
; Total HSSI RX PCSs              ; 0 / 9 ( 0 % )                                  ;
; Total HSSI PMA RX Deserializers ; 0 / 9 ( 0 % )                                  ;
; Total HSSI TX PCSs              ; 0 / 9 ( 0 % )                                  ;
; Total HSSI PMA TX Serializers   ; 0 / 9 ( 0 % )                                  ;
; Total PLLs                      ; 0 / 15 ( 0 % )                                 ;
; Total DLLs                      ; 0 / 4 ( 0 % )                                  ;
+---------------------------------+------------------------------------------------+


+-----------------------------------------+
; Flow Settings                           ;
+-------------------+---------------------+
; Option            ; Setting             ;
+-------------------+---------------------+
; Start date & time ; 08/22/2025 10:13:14 ;
; Main task         ; Compilation         ;
; Revision Name     ; Laboratorio1        ;
+-------------------+---------------------+


+------------------------------------------------------------------------------------------------------------------------------------------------------+
; Flow Non-Default Global Settings                                                                                                                     ;
+--------------------------------------+----------------------------------------+---------------+------------------+-----------------------------------+
; Assignment Name                      ; Value                                  ; Default Value ; Entity Name      ; Section Id                        ;
+--------------------------------------+----------------------------------------+---------------+------------------+-----------------------------------+
; COMPILER_SIGNATURE_ID                ; 234025583426807.175587919413748        ; --            ; --               ; --                                ;
; EDA_DESIGN_INSTANCE_NAME             ; NA                                     ; --            ; --               ; tb_Restador_4bits                 ;
; EDA_DESIGN_INSTANCE_NAME             ; NA                                     ; --            ; --               ; tb_contador_top                   ;
; EDA_GENERATE_FUNCTIONAL_NETLIST      ; Off                                    ; --            ; --               ; eda_board_design_timing           ;
; EDA_GENERATE_FUNCTIONAL_NETLIST      ; Off                                    ; --            ; --               ; eda_board_design_boundary_scan    ;
; EDA_GENERATE_FUNCTIONAL_NETLIST      ; Off                                    ; --            ; --               ; eda_board_design_signal_integrity ;
; EDA_GENERATE_FUNCTIONAL_NETLIST      ; Off                                    ; --            ; --               ; eda_board_design_symbol           ;
; EDA_NATIVELINK_SIMULATION_TEST_BENCH ; tb_Restador_4bits                      ; --            ; --               ; eda_simulation                    ;
; EDA_OUTPUT_DATA_FORMAT               ; Vhdl                                   ; --            ; --               ; eda_simulation                    ;
; EDA_SIMULATION_TOOL                  ; QuestaSim (VHDL)                       ; <None>        ; --               ; --                                ;
; EDA_TEST_BENCH_ENABLE_STATUS         ; TEST_BENCH_MODE                        ; --            ; --               ; eda_simulation                    ;
; EDA_TEST_BENCH_FILE                  ; tb_Restador_4bits.vhd                  ; --            ; --               ; tb_Restador_4bits                 ;
; EDA_TEST_BENCH_FILE                  ; tb_contador_top.sv                     ; --            ; --               ; tb_contador_top                   ;
; EDA_TEST_BENCH_MODULE_NAME           ; tb_Restador_4bits                      ; --            ; --               ; tb_Restador_4bits                 ;
; EDA_TEST_BENCH_MODULE_NAME           ; tb_contador_top                        ; --            ; --               ; tb_contador_top                   ;
; EDA_TEST_BENCH_NAME                  ; tb_Restador_4bits                      ; --            ; --               ; eda_simulation                    ;
; EDA_TEST_BENCH_NAME                  ; tb_contador_top                        ; --            ; --               ; eda_simulation                    ;
; EDA_TIME_SCALE                       ; 1 ps                                   ; --            ; --               ; eda_simulation                    ;
; MAX_CORE_JUNCTION_TEMP               ; 85                                     ; --            ; --               ; --                                ;
; MIN_CORE_JUNCTION_TEMP               ; 0                                      ; --            ; --               ; --                                ;
; PARTITION_COLOR                      ; -- (Not supported for targeted family) ; --            ; Top_Restador_BCD ; Top                               ;
; PARTITION_FITTER_PRESERVATION_LEVEL  ; -- (Not supported for targeted family) ; --            ; Top_Restador_BCD ; Top                               ;
; PARTITION_NETLIST_TYPE               ; -- (Not supported for targeted family) ; --            ; Top_Restador_BCD ; Top                               ;
; POWER_BOARD_THERMAL_MODEL            ; None (CONSERVATIVE)                    ; --            ; --               ; --                                ;
; POWER_PRESET_COOLING_SOLUTION        ; 23 MM HEAT SINK WITH 200 LFPM AIRFLOW  ; --            ; --               ; --                                ;
; PROJECT_OUTPUT_DIRECTORY             ; output_files                           ; --            ; --               ; --                                ;
; TOP_LEVEL_ENTITY                     ; Top_Restador_BCD                       ; Laboratorio1  ; --               ; --                                ;
+--------------------------------------+----------------------------------------+---------------+------------------+-----------------------------------+


+--------------------------------------------------------------------------------------------------------------------------+
; Flow Elapsed Time                                                                                                        ;
+----------------------+--------------+-------------------------+---------------------+------------------------------------+
; Module Name          ; Elapsed Time ; Average Processors Used ; Peak Virtual Memory ; Total CPU Time (on all processors) ;
+----------------------+--------------+-------------------------+---------------------+------------------------------------+
; Analysis & Synthesis ; 00:00:07     ; 1.0                     ; 4931 MB             ; 00:00:15                           ;
; Fitter               ; 00:00:35     ; 1.0                     ; 7127 MB             ; 00:01:57                           ;
; Assembler            ; 00:00:14     ; 1.0                     ; 5218 MB             ; 00:00:05                           ;
; Timing Analyzer      ; 00:00:04     ; 1.1                     ; 5367 MB             ; 00:00:03                           ;
; EDA Netlist Writer   ; 00:00:01     ; 1.0                     ; 4746 MB             ; 00:00:01                           ;
; Total                ; 00:01:01     ; --                      ; --                  ; 00:02:21                           ;
+----------------------+--------------+-------------------------+---------------------+------------------------------------+


+------------------------------------------------------------------------------------+
; Flow OS Summary                                                                    ;
+----------------------+------------------+------------+------------+----------------+
; Module Name          ; Machine Hostname ; OS Name    ; OS Version ; Processor type ;
+----------------------+------------------+------------+------------+----------------+
; Analysis & Synthesis ; The-Power        ; Windows 10 ; 10.0       ; x86_64         ;
; Fitter               ; The-Power        ; Windows 10 ; 10.0       ; x86_64         ;
; Assembler            ; The-Power        ; Windows 10 ; 10.0       ; x86_64         ;
; Timing Analyzer      ; The-Power        ; Windows 10 ; 10.0       ; x86_64         ;
; EDA Netlist Writer   ; The-Power        ; Windows 10 ; 10.0       ; x86_64         ;
+----------------------+------------------+------------+------------+----------------+


------------
; Flow Log ;
------------
quartus_map --read_settings_files=on --write_settings_files=off Laboratorio1 -c Laboratorio1
quartus_fit --read_settings_files=off --write_settings_files=off Laboratorio1 -c Laboratorio1
quartus_asm --read_settings_files=off --write_settings_files=off Laboratorio1 -c Laboratorio1
quartus_sta Laboratorio1 -c Laboratorio1
quartus_eda --read_settings_files=off --write_settings_files=off Laboratorio1 -c Laboratorio1



